[debug] [2025-12-10T23:25:53.994Z] ----------------------------------------------------------------------
[debug] [2025-12-10T23:25:53.995Z] Command:       /Users/siyadl/.nvm/versions/node/v22.21.0/bin/node /Users/siyadl/.nvm/versions/node/v22.21.0/bin/firebase emulators:start --only functions --project demo-rdti
[debug] [2025-12-10T23:25:53.995Z] CLI Version:   14.22.0
[debug] [2025-12-10T23:25:53.995Z] Platform:      darwin
[debug] [2025-12-10T23:25:53.995Z] Node Version:  v22.21.0
[debug] [2025-12-10T23:25:53.996Z] Time:          Thu Dec 11 2025 12:25:53 GMT+1300 (New Zealand Daylight Time)
[debug] [2025-12-10T23:25:53.996Z] ----------------------------------------------------------------------
[debug] 
[info] i  emulators: Starting emulators: functions {"metadata":{"emulator":{"name":"hub"},"message":"Starting emulators: functions"}}
[info] i  emulators: Detected demo project ID "demo-rdti", emulated services will use a demo configuration and attempts to access non-emulated services for this project will fail. {"metadata":{"emulator":{"name":"hub"},"message":"Detected demo project ID \"demo-rdti\", emulated services will use a demo configuration and attempts to access non-emulated services for this project will fail."}}
[debug] [2025-12-10T23:25:54.232Z] [logging] Logging Emulator only supports listening on one address (127.0.0.1). Not listening on ::1
[debug] [2025-12-10T23:25:54.232Z] assigned listening specs for emulators {"user":{"hub":[{"address":"127.0.0.1","family":"IPv4","port":4400},{"address":"::1","family":"IPv6","port":4400}],"ui":[{"address":"127.0.0.1","family":"IPv4","port":4000},{"address":"::1","family":"IPv6","port":4000}],"logging":[{"address":"127.0.0.1","family":"IPv4","port":4500}]},"metadata":{"message":"assigned listening specs for emulators"}}
[debug] [2025-12-10T23:25:54.233Z] Emulator locator file path: /var/folders/nb/0qmy_vbd0gdgfcxyyk6sl01c0000gn/T/hub-demo-rdti.json
[debug] [2025-12-10T23:25:54.233Z] [hub] writing locator at /var/folders/nb/0qmy_vbd0gdgfcxyyk6sl01c0000gn/T/hub-demo-rdti.json
[debug] [2025-12-10T23:25:54.386Z] [functions] Functions Emulator only supports listening on one address (127.0.0.1). Not listening on ::1
[debug] [2025-12-10T23:25:54.386Z] [eventarc] Eventarc Emulator only supports listening on one address (127.0.0.1). Not listening on ::1
[debug] [2025-12-10T23:25:54.386Z] [tasks] Cloud Tasks Emulator only supports listening on one address (127.0.0.1). Not listening on ::1
[debug] [2025-12-10T23:25:54.386Z] late-assigned ports for functions and eventarc emulators {"user":{"hub":[{"address":"127.0.0.1","family":"IPv4","port":4400},{"address":"::1","family":"IPv6","port":4400}],"ui":[{"address":"127.0.0.1","family":"IPv4","port":4000},{"address":"::1","family":"IPv6","port":4000}],"logging":[{"address":"127.0.0.1","family":"IPv4","port":4500}],"functions":[{"address":"127.0.0.1","family":"IPv4","port":5001}],"eventarc":[{"address":"127.0.0.1","family":"IPv4","port":9299}],"tasks":[{"address":"127.0.0.1","family":"IPv4","port":9499}]},"metadata":{"message":"late-assigned ports for functions and eventarc emulators"}}
[debug] [2025-12-10T23:25:54.390Z] defaultcredentials: writing to file /Users/siyadl/.config/firebase/siyadl_radley_tax_application_default_credentials.json
[debug] [2025-12-10T23:25:54.391Z] Setting GAC to /Users/siyadl/.config/firebase/siyadl_radley_tax_application_default_credentials.json {"metadata":{"emulator":{"name":"functions"},"message":"Setting GAC to /Users/siyadl/.config/firebase/siyadl_radley_tax_application_default_credentials.json"}}
[info] i  functions: Watching "/Users/siyadl/Documents/GitHub/RDTI FILL Function/functions" for Cloud Functions... {"metadata":{"emulator":{"name":"functions"},"message":"Watching \"/Users/siyadl/Documents/GitHub/RDTI FILL Function/functions\" for Cloud Functions..."}}
[debug] [2025-12-10T23:25:54.395Z] Validating nodejs source
[warn] ⚠  functions: package.json indicates an outdated version of firebase-functions. Please upgrade using npm install --save firebase-functions@latest in your functions directory. 
[warn] ⚠  functions: Please note that there will be breaking changes when you upgrade. 
[debug] [2025-12-10T23:25:54.711Z] > [functions] package.json contents: {
  "name": "rdti-fill-functions-emulator",
  "version": "0.1.0",
  "private": true,
  "main": "lib/index.js",
  "type": "module",
  "scripts": {
    "build": "tsc -p tsconfig.json",
    "serve": "firebase emulators:start --only functions --project demo-rdti"
  },
  "dependencies": {
    "firebase-functions": "^6.0.0"
  },
  "devDependencies": {
    "typescript": "^5.4.0",
    "ts-node": "^10.9.2",
    "@types/node": "^22.9.0"
  }
}
[debug] [2025-12-10T23:25:54.711Z] Building nodejs source
[debug] [2025-12-10T23:25:54.711Z] Failed to find version of module node: reached end of search path /Users/siyadl/Documents/GitHub/RDTI FILL Function/functions/node_modules
[info] ✔  functions: Using node@22 from host. 
[debug] [2025-12-10T23:25:54.716Z] Could not find functions.yaml. Must use http discovery
[debug] [2025-12-10T23:25:54.720Z] Found firebase-functions binary at '/Users/siyadl/Documents/GitHub/RDTI FILL Function/functions/node_modules/.bin/firebase-functions'
[info] Serving at port 8929

[debug] [2025-12-10T23:25:54.875Z] Got response from /__/functions.yaml {"endpoints":{"generateGaDocx":{"availableMemoryMb":null,"timeoutSeconds":null,"minInstances":null,"maxInstances":null,"ingressSettings":null,"concurrency":null,"serviceAccountEmail":null,"vpc":null,"platform":"gcfv2","labels":{},"httpsTrigger":{},"entryPoint":"generateGaDocx"}},"specVersion":"v1alpha1","requiredAPIs":[],"extensions":{}}
[info] ✔  functions: Loaded functions definitions from source: generateGaDocx. {"metadata":{"emulator":{"name":"functions"},"message":"Loaded functions definitions from source: generateGaDocx."}}
[info] ✔  functions[us-central1-generateGaDocx]: http function initialized (http://127.0.0.1:5001/demo-rdti/us-central1/generateGaDocx). {"metadata":{"emulator":{"name":"functions"},"message":"\u001b[1mhttp\u001b[22m function initialized (http://127.0.0.1:5001/demo-rdti/us-central1/generateGaDocx)."}}
[debug] [2025-12-10T23:25:58.900Z] Could not find VSCode notification endpoint: FetchError: request to http://localhost:40001/vscode/notify failed, reason: . If you are not running the Firebase Data Connect VSCode extension, this is expected and not an issue.
[info] 
┌─────────────────────────────────────────────────────────────┐
│ ✔  All emulators ready! It is now safe to connect your app. │
│ i  View Emulator UI at http://127.0.0.1:4000/               │
└─────────────────────────────────────────────────────────────┘

┌───────────┬────────────────┬─────────────────────────────────┐
│ Emulator  │ Host:Port      │ View in Emulator UI             │
├───────────┼────────────────┼─────────────────────────────────┤
│ Functions │ 127.0.0.1:5001 │ http://127.0.0.1:4000/functions │
└───────────┴────────────────┴─────────────────────────────────┘
  Emulator Hub host: 127.0.0.1 port: 4400
  Other reserved ports: 4500

Issues? Report them at https://github.com/firebase/firebase-tools/issues and attach the *-debug.log files.
 
[debug] [2025-12-10T23:26:22.959Z] [work-queue] {"queuedWork":["/demo-rdti/us-central1/generateGaDocx-2025-12-10T23:26:22.959Z"],"queueLength":1,"runningWork":[],"workRunningCount":0}
[debug] [2025-12-10T23:26:22.959Z] [work-queue] {"queuedWork":[],"queueLength":0,"runningWork":["/demo-rdti/us-central1/generateGaDocx-2025-12-10T23:26:22.959Z"],"workRunningCount":1}
[debug] [2025-12-10T23:26:22.959Z] Accepted request POST /demo-rdti/us-central1/generateGaDocx --> us-central1-generateGaDocx
[debug] [2025-12-10T23:26:22.960Z] [functions] Runtime ready! Sending request! {"metadata":{"emulator":{"name":"functions"},"message":"[functions] Runtime ready! Sending request!"}}
[debug] [2025-12-10T23:26:22.960Z] [functions] Got req.url=/demo-rdti/us-central1/generateGaDocx, mapping to path=/ {"metadata":{"emulator":{"name":"functions"},"message":"[functions] Got req.url=/demo-rdti/us-central1/generateGaDocx, mapping to path=/"}}
[debug] [2025-12-10T23:26:22.962Z] [worker-pool] addWorker(us-central1-generateGaDocx) {"metadata":{"emulator":{"name":"functions"},"message":"[worker-pool] addWorker(us-central1-generateGaDocx)"}}
[debug] [2025-12-10T23:26:22.962Z] [worker-pool] Adding worker with key us-central1-generateGaDocx, total=1 {"metadata":{"emulator":{"name":"functions"},"message":"[worker-pool] Adding worker with key us-central1-generateGaDocx, total=1"}}
[warn] ⚠  The Cloud Functions emulator requires the module "firebase-admin" to be installed as a dependency. To fix this, run "npm install --save firebase-admin" in your functions directory. {"metadata":{"emulator":{"name":"functions"},"function":{"name":"us-central1-generateGaDocx"},"extension":{},"message":"The Cloud Functions emulator requires the module \"firebase-admin\" to be installed as a dependency. To fix this, run \"npm install --save firebase-admin\" in your functions directory."}}
[info] i  functions: Your functions could not be parsed due to an issue with your node_modules (see above) {"metadata":{"emulator":{"name":"functions"},"function":{"name":"us-central1-generateGaDocx"},"extension":{},"message":"Your functions could not be parsed due to an issue with your node_modules (see above)"}}
[debug] [2025-12-10T23:26:23.456Z] [runtime-status] [81921] Functions runtime initialized. {"cwd":"/Users/siyadl/Documents/GitHub/RDTI FILL Function/functions","node_version":"22.21.0"} {"metadata":{"emulator":{"name":"functions"},"function":{"name":"us-central1-generateGaDocx"},"extension":{},"message":"[runtime-status] [81921] Functions runtime initialized. {\"cwd\":\"/Users/siyadl/Documents/GitHub/RDTI FILL Function/functions\",\"node_version\":\"22.21.0\"}"}}
[debug] [2025-12-10T23:26:23.457Z] [runtime-status] [81921] Listening to port: /var/folders/nb/0qmy_vbd0gdgfcxyyk6sl01c0000gn/T/fire_emu_2de6fc343e413138.sock {"metadata":{"emulator":{"name":"functions"},"function":{"name":"us-central1-generateGaDocx"},"extension":{},"message":"[runtime-status] [81921] Listening to port: /var/folders/nb/0qmy_vbd0gdgfcxyyk6sl01c0000gn/T/fire_emu_2de6fc343e413138.sock"}}
[debug] [2025-12-10T23:26:23.470Z] [worker-us-central1-generateGaDocx-e30aece4-5319-4fd9-a3aa-2f5655df556c]: IDLE {"metadata":{"emulator":{"name":"functions"},"function":{"name":"us-central1-generateGaDocx"},"extension":{},"message":"[worker-us-central1-generateGaDocx-e30aece4-5319-4fd9-a3aa-2f5655df556c]: IDLE"}}
[debug] [2025-12-10T23:26:23.470Z] [worker-pool] submitRequest(triggerId=us-central1-generateGaDocx) {"metadata":{"emulator":{"name":"functions"},"message":"[worker-pool] submitRequest(triggerId=us-central1-generateGaDocx)"}}
[info] i  functions: Beginning execution of "us-central1-generateGaDocx" {"metadata":{"emulator":{"name":"functions"},"function":{"name":"us-central1-generateGaDocx"},"extension":{},"message":"Beginning execution of \"us-central1-generateGaDocx\""}}
[debug] [2025-12-10T23:26:23.470Z] [worker-us-central1-generateGaDocx-e30aece4-5319-4fd9-a3aa-2f5655df556c]: BUSY {"metadata":{"emulator":{"name":"functions"},"function":{"name":"us-central1-generateGaDocx"},"extension":{},"message":"[worker-us-central1-generateGaDocx-e30aece4-5319-4fd9-a3aa-2f5655df556c]: BUSY"}}
[debug] [2025-12-10T23:26:23.528Z] Finishing up request with event=pause {"metadata":{"emulator":{"name":"functions"},"function":{"name":"us-central1-generateGaDocx"},"extension":{},"message":"Finishing up request with event=pause"}}
[info] i  functions: Finished "us-central1-generateGaDocx" in 58.103917ms {"metadata":{"emulator":{"name":"functions"},"function":{"name":"us-central1-generateGaDocx"},"extension":{},"message":"Finished \"us-central1-generateGaDocx\" in 58.103917ms"}}
[debug] [2025-12-10T23:26:23.528Z] [worker-us-central1-generateGaDocx-e30aece4-5319-4fd9-a3aa-2f5655df556c]: IDLE {"metadata":{"emulator":{"name":"functions"},"function":{"name":"us-central1-generateGaDocx"},"extension":{},"message":"[worker-us-central1-generateGaDocx-e30aece4-5319-4fd9-a3aa-2f5655df556c]: IDLE"}}
[debug] [2025-12-10T23:26:23.528Z] Finishing up request with event=finish {"metadata":{"emulator":{"name":"functions"},"function":{"name":"us-central1-generateGaDocx"},"extension":{},"message":"Finishing up request with event=finish"}}
[debug] [2025-12-10T23:26:23.528Z] Finishing up request with event=close {"metadata":{"emulator":{"name":"functions"},"function":{"name":"us-central1-generateGaDocx"},"extension":{},"message":"Finishing up request with event=close"}}
[debug] [2025-12-10T23:26:23.529Z] [work-queue] {"queuedWork":[],"queueLength":0,"runningWork":[],"workRunningCount":0}
[debug] [2025-12-10T23:27:50.839Z] File /Users/siyadl/Documents/GitHub/RDTI FILL Function/functions/src/index.ts changed, reloading triggers {"metadata":{"emulator":{"name":"functions"},"message":"File /Users/siyadl/Documents/GitHub/RDTI FILL Function/functions/src/index.ts changed, reloading triggers"}}
[debug] [2025-12-10T23:27:51.841Z] Validating nodejs source
[warn] ⚠  functions: package.json indicates an outdated version of firebase-functions. Please upgrade using npm install --save firebase-functions@latest in your functions directory. 
[warn] ⚠  functions: Please note that there will be breaking changes when you upgrade. 
[debug] [2025-12-10T23:27:52.342Z] > [functions] package.json contents: {
  "name": "rdti-fill-functions-emulator",
  "version": "0.1.0",
  "private": true,
  "main": "lib/index.js",
  "type": "module",
  "scripts": {
    "build": "tsc -p tsconfig.json",
    "serve": "firebase emulators:start --only functions --project demo-rdti"
  },
  "dependencies": {
    "firebase-functions": "^6.0.0"
  },
  "devDependencies": {
    "typescript": "^5.4.0",
    "ts-node": "^10.9.2",
    "@types/node": "^22.9.0"
  }
}
[debug] [2025-12-10T23:27:52.342Z] Building nodejs source
[debug] [2025-12-10T23:27:52.342Z] Failed to find version of module node: reached end of search path /Users/siyadl/Documents/GitHub/RDTI FILL Function/functions/node_modules
[info] ✔  functions: Using node@22 from host. 
[debug] [2025-12-10T23:27:52.343Z] Could not find functions.yaml. Must use http discovery
[debug] [2025-12-10T23:27:52.344Z] Found firebase-functions binary at '/Users/siyadl/Documents/GitHub/RDTI FILL Function/functions/node_modules/.bin/firebase-functions'
[info] Serving at port 8027

[debug] [2025-12-10T23:27:52.551Z] Got response from /__/functions.yaml {"endpoints":{"generateGaDocx":{"availableMemoryMb":null,"timeoutSeconds":null,"minInstances":null,"maxInstances":null,"ingressSettings":null,"concurrency":null,"serviceAccountEmail":null,"vpc":null,"platform":"gcfv2","labels":{},"httpsTrigger":{},"entryPoint":"generateGaDocx"}},"specVersion":"v1alpha1","requiredAPIs":[],"extensions":{}}
[info] ✔  functions: Loaded functions definitions from source: generateGaDocx. {"metadata":{"emulator":{"name":"functions"},"message":"Loaded functions definitions from source: generateGaDocx."}}
[debug] [2025-12-10T23:27:56.567Z] [worker-pool] Shutting down IDLE worker (us-central1-generateGaDocx) {"metadata":{"emulator":{"name":"functions"},"message":"[worker-pool] Shutting down IDLE worker (us-central1-generateGaDocx)"}}
[debug] [2025-12-10T23:27:56.567Z] [worker-us-central1-generateGaDocx-e30aece4-5319-4fd9-a3aa-2f5655df556c]: FINISHING {"metadata":{"emulator":{"name":"functions"},"function":{"name":"us-central1-generateGaDocx"},"extension":{},"message":"[worker-us-central1-generateGaDocx-e30aece4-5319-4fd9-a3aa-2f5655df556c]: FINISHING"}}
[debug] [2025-12-10T23:27:56.576Z] [worker-us-central1-generateGaDocx-e30aece4-5319-4fd9-a3aa-2f5655df556c]: exited {"metadata":{"emulator":{"name":"functions"},"function":{"name":"us-central1-generateGaDocx"},"extension":{},"message":"[worker-us-central1-generateGaDocx-e30aece4-5319-4fd9-a3aa-2f5655df556c]: exited"}}
[debug] [2025-12-10T23:27:56.577Z] [worker-us-central1-generateGaDocx-e30aece4-5319-4fd9-a3aa-2f5655df556c]: FINISHED {"metadata":{"emulator":{"name":"functions"},"function":{"name":"us-central1-generateGaDocx"},"extension":{},"message":"[worker-us-central1-generateGaDocx-e30aece4-5319-4fd9-a3aa-2f5655df556c]: FINISHED"}}
[debug] [2025-12-10T23:28:07.681Z] File /Users/siyadl/Documents/GitHub/RDTI FILL Function/functions/lib/index.js changed, reloading triggers {"metadata":{"emulator":{"name":"functions"},"message":"File /Users/siyadl/Documents/GitHub/RDTI FILL Function/functions/lib/index.js changed, reloading triggers"}}
[debug] [2025-12-10T23:28:08.682Z] Validating nodejs source
[warn] ⚠  functions: package.json indicates an outdated version of firebase-functions. Please upgrade using npm install --save firebase-functions@latest in your functions directory. 
[warn] ⚠  functions: Please note that there will be breaking changes when you upgrade. 
[debug] [2025-12-10T23:28:09.128Z] > [functions] package.json contents: {
  "name": "rdti-fill-functions-emulator",
  "version": "0.1.0",
  "private": true,
  "main": "lib/index.js",
  "type": "module",
  "scripts": {
    "build": "tsc -p tsconfig.json",
    "serve": "firebase emulators:start --only functions --project demo-rdti"
  },
  "dependencies": {
    "firebase-functions": "^6.0.0"
  },
  "devDependencies": {
    "typescript": "^5.4.0",
    "ts-node": "^10.9.2",
    "@types/node": "^22.9.0"
  }
}
[debug] [2025-12-10T23:28:09.128Z] Building nodejs source
[debug] [2025-12-10T23:28:09.128Z] Failed to find version of module node: reached end of search path /Users/siyadl/Documents/GitHub/RDTI FILL Function/functions/node_modules
[info] ✔  functions: Using node@22 from host. 
[debug] [2025-12-10T23:28:09.129Z] Could not find functions.yaml. Must use http discovery
[debug] [2025-12-10T23:28:09.129Z] Found firebase-functions binary at '/Users/siyadl/Documents/GitHub/RDTI FILL Function/functions/node_modules/.bin/firebase-functions'
[info] Serving at port 8988

[debug] [2025-12-10T23:28:09.332Z] Got response from /__/functions.yaml {"endpoints":{"generateGaDocx":{"availableMemoryMb":null,"timeoutSeconds":null,"minInstances":null,"maxInstances":null,"ingressSettings":null,"concurrency":null,"serviceAccountEmail":null,"vpc":null,"platform":"gcfv2","labels":{},"httpsTrigger":{},"entryPoint":"generateGaDocx"}},"specVersion":"v1alpha1","requiredAPIs":[],"extensions":{}}
[info] ✔  functions: Loaded functions definitions from source: generateGaDocx. {"metadata":{"emulator":{"name":"functions"},"message":"Loaded functions definitions from source: generateGaDocx."}}
[debug] [2025-12-10T23:59:42.241Z] File /Users/siyadl/Documents/GitHub/RDTI FILL Function/functions/src/index.ts changed, reloading triggers {"metadata":{"emulator":{"name":"functions"},"message":"File /Users/siyadl/Documents/GitHub/RDTI FILL Function/functions/src/index.ts changed, reloading triggers"}}
[debug] [2025-12-10T23:59:43.243Z] Validating nodejs source
[warn] ⚠  functions: package.json indicates an outdated version of firebase-functions. Please upgrade using npm install --save firebase-functions@latest in your functions directory. 
[warn] ⚠  functions: Please note that there will be breaking changes when you upgrade. 
[debug] [2025-12-10T23:59:43.730Z] > [functions] package.json contents: {
  "name": "rdti-fill-functions-emulator",
  "version": "0.1.0",
  "private": true,
  "main": "lib/index.js",
  "type": "module",
  "scripts": {
    "build": "tsc -p tsconfig.json",
    "serve": "firebase emulators:start --only functions --project demo-rdti"
  },
  "dependencies": {
    "firebase-functions": "^6.0.0"
  },
  "devDependencies": {
    "typescript": "^5.4.0",
    "ts-node": "^10.9.2",
    "@types/node": "^22.9.0"
  }
}
[debug] [2025-12-10T23:59:43.730Z] Building nodejs source
[debug] [2025-12-10T23:59:43.730Z] Failed to find version of module node: reached end of search path /Users/siyadl/Documents/GitHub/RDTI FILL Function/functions/node_modules
[info] ✔  functions: Using node@22 from host. 
[debug] [2025-12-10T23:59:43.731Z] Could not find functions.yaml. Must use http discovery
[debug] [2025-12-10T23:59:43.731Z] Found firebase-functions binary at '/Users/siyadl/Documents/GitHub/RDTI FILL Function/functions/node_modules/.bin/firebase-functions'
[info] Serving at port 8057

[debug] [2025-12-10T23:59:44.019Z] Got response from /__/functions.yaml {"endpoints":{"generateGaDocx":{"availableMemoryMb":null,"timeoutSeconds":null,"minInstances":null,"maxInstances":null,"ingressSettings":null,"concurrency":null,"serviceAccountEmail":null,"vpc":null,"platform":"gcfv2","labels":{},"httpsTrigger":{},"entryPoint":"generateGaDocx"}},"specVersion":"v1alpha1","requiredAPIs":[],"extensions":{}}
[info] ✔  functions: Loaded functions definitions from source: generateGaDocx. {"metadata":{"emulator":{"name":"functions"},"message":"Loaded functions definitions from source: generateGaDocx."}}
[debug] [2025-12-11T00:01:50.538Z] File /Users/siyadl/Documents/GitHub/RDTI FILL Function/functions/src/index.ts changed, reloading triggers {"metadata":{"emulator":{"name":"functions"},"message":"File /Users/siyadl/Documents/GitHub/RDTI FILL Function/functions/src/index.ts changed, reloading triggers"}}
[debug] [2025-12-11T00:01:50.538Z] File /Users/siyadl/Documents/GitHub/RDTI FILL Function/functions/src/shims.d.ts changed, reloading triggers {"metadata":{"emulator":{"name":"functions"},"message":"File /Users/siyadl/Documents/GitHub/RDTI FILL Function/functions/src/shims.d.ts changed, reloading triggers"}}
[debug] [2025-12-11T00:01:51.540Z] Validating nodejs source
[warn] ⚠  functions: package.json indicates an outdated version of firebase-functions. Please upgrade using npm install --save firebase-functions@latest in your functions directory. 
[warn] ⚠  functions: Please note that there will be breaking changes when you upgrade. 
[debug] [2025-12-11T00:01:51.968Z] > [functions] package.json contents: {
  "name": "rdti-fill-functions-emulator",
  "version": "0.1.0",
  "private": true,
  "main": "lib/index.js",
  "type": "module",
  "scripts": {
    "build": "tsc -p tsconfig.json",
    "serve": "firebase emulators:start --only functions --project demo-rdti"
  },
  "dependencies": {
    "firebase-functions": "^6.0.0"
  },
  "devDependencies": {
    "typescript": "^5.4.0",
    "ts-node": "^10.9.2",
    "@types/node": "^22.9.0"
  }
}
[debug] [2025-12-11T00:01:51.968Z] Building nodejs source
[debug] [2025-12-11T00:01:51.968Z] Failed to find version of module node: reached end of search path /Users/siyadl/Documents/GitHub/RDTI FILL Function/functions/node_modules
[info] ✔  functions: Using node@22 from host. 
[debug] [2025-12-11T00:01:51.968Z] Could not find functions.yaml. Must use http discovery
[debug] [2025-12-11T00:01:51.968Z] Found firebase-functions binary at '/Users/siyadl/Documents/GitHub/RDTI FILL Function/functions/node_modules/.bin/firebase-functions'
[info] Serving at port 8953

[debug] [2025-12-11T00:01:52.228Z] Got response from /__/functions.yaml {"endpoints":{"generateGaDocx":{"availableMemoryMb":null,"timeoutSeconds":null,"minInstances":null,"maxInstances":null,"ingressSettings":null,"concurrency":null,"serviceAccountEmail":null,"vpc":null,"platform":"gcfv2","labels":{},"httpsTrigger":{},"entryPoint":"generateGaDocx"}},"specVersion":"v1alpha1","requiredAPIs":[],"extensions":{}}
[info] ✔  functions: Loaded functions definitions from source: generateGaDocx. {"metadata":{"emulator":{"name":"functions"},"message":"Loaded functions definitions from source: generateGaDocx."}}
[debug] [2025-12-11T00:03:44.038Z] File /Users/siyadl/Documents/GitHub/RDTI FILL Function/functions/lib/index.js changed, reloading triggers {"metadata":{"emulator":{"name":"functions"},"message":"File /Users/siyadl/Documents/GitHub/RDTI FILL Function/functions/lib/index.js changed, reloading triggers"}}
[debug] [2025-12-11T00:03:45.038Z] Validating nodejs source
[warn] ⚠  functions: package.json indicates an outdated version of firebase-functions. Please upgrade using npm install --save firebase-functions@latest in your functions directory. 
[warn] ⚠  functions: Please note that there will be breaking changes when you upgrade. 
[debug] [2025-12-11T00:03:45.500Z] > [functions] package.json contents: {
  "name": "rdti-fill-functions-emulator",
  "version": "0.1.0",
  "private": true,
  "main": "lib/index.js",
  "type": "module",
  "scripts": {
    "build": "tsc -p tsconfig.json",
    "serve": "firebase emulators:start --only functions --project demo-rdti"
  },
  "dependencies": {
    "firebase-functions": "^6.0.0"
  },
  "devDependencies": {
    "typescript": "^5.4.0",
    "ts-node": "^10.9.2",
    "@types/node": "^22.9.0"
  }
}
[debug] [2025-12-11T00:03:45.500Z] Building nodejs source
[debug] [2025-12-11T00:03:45.501Z] Failed to find version of module node: reached end of search path /Users/siyadl/Documents/GitHub/RDTI FILL Function/functions/node_modules
[info] ✔  functions: Using node@22 from host. 
[debug] [2025-12-11T00:03:45.501Z] Could not find functions.yaml. Must use http discovery
[debug] [2025-12-11T00:03:45.501Z] Found firebase-functions binary at '/Users/siyadl/Documents/GitHub/RDTI FILL Function/functions/node_modules/.bin/firebase-functions'
[info] Serving at port 8032

[debug] [2025-12-11T00:03:45.727Z] Got response from /__/functions.yaml {"endpoints":{"generateGaDocx":{"availableMemoryMb":null,"timeoutSeconds":null,"minInstances":null,"maxInstances":null,"ingressSettings":null,"concurrency":null,"serviceAccountEmail":null,"vpc":null,"platform":"gcfv2","labels":{},"httpsTrigger":{},"entryPoint":"generateGaDocx"}},"specVersion":"v1alpha1","requiredAPIs":[],"extensions":{}}
[info] ✔  functions: Loaded functions definitions from source: generateGaDocx. {"metadata":{"emulator":{"name":"functions"},"message":"Loaded functions definitions from source: generateGaDocx."}}
[debug] [2025-12-11T00:07:49.624Z] File /Users/siyadl/Documents/GitHub/RDTI FILL Function/functions/src/shims.d.ts changed, reloading triggers {"metadata":{"emulator":{"name":"functions"},"message":"File /Users/siyadl/Documents/GitHub/RDTI FILL Function/functions/src/shims.d.ts changed, reloading triggers"}}
[debug] [2025-12-11T00:07:49.625Z] File /Users/siyadl/Documents/GitHub/RDTI FILL Function/functions/src/index.ts changed, reloading triggers {"metadata":{"emulator":{"name":"functions"},"message":"File /Users/siyadl/Documents/GitHub/RDTI FILL Function/functions/src/index.ts changed, reloading triggers"}}
[debug] [2025-12-11T00:07:50.626Z] Validating nodejs source
[warn] ⚠  functions: package.json indicates an outdated version of firebase-functions. Please upgrade using npm install --save firebase-functions@latest in your functions directory. 
[warn] ⚠  functions: Please note that there will be breaking changes when you upgrade. 
[debug] [2025-12-11T00:07:51.504Z] > [functions] package.json contents: {
  "name": "rdti-fill-functions-emulator",
  "version": "0.1.0",
  "private": true,
  "main": "lib/index.js",
  "type": "module",
  "scripts": {
    "build": "tsc -p tsconfig.json",
    "serve": "firebase emulators:start --only functions --project demo-rdti"
  },
  "dependencies": {
    "firebase-functions": "^6.0.0"
  },
  "devDependencies": {
    "typescript": "^5.4.0",
    "ts-node": "^10.9.2",
    "@types/node": "^22.9.0"
  }
}
[debug] [2025-12-11T00:07:51.505Z] Building nodejs source
[debug] [2025-12-11T00:07:51.505Z] Failed to find version of module node: reached end of search path /Users/siyadl/Documents/GitHub/RDTI FILL Function/functions/node_modules
[info] ✔  functions: Using node@22 from host. 
[debug] [2025-12-11T00:07:51.505Z] Could not find functions.yaml. Must use http discovery
[debug] [2025-12-11T00:07:51.507Z] Found firebase-functions binary at '/Users/siyadl/Documents/GitHub/RDTI FILL Function/functions/node_modules/.bin/firebase-functions'
[info] Serving at port 8812

[debug] [2025-12-11T00:07:51.777Z] Got response from /__/functions.yaml {"endpoints":{"generateGaDocx":{"availableMemoryMb":null,"timeoutSeconds":null,"minInstances":null,"maxInstances":null,"ingressSettings":null,"concurrency":null,"serviceAccountEmail":null,"vpc":null,"platform":"gcfv2","labels":{},"httpsTrigger":{},"entryPoint":"generateGaDocx"}},"specVersion":"v1alpha1","requiredAPIs":[],"extensions":{}}
[info] ✔  functions: Loaded functions definitions from source: generateGaDocx. {"metadata":{"emulator":{"name":"functions"},"message":"Loaded functions definitions from source: generateGaDocx."}}
[debug] [2025-12-11T00:54:12.508Z] File /Users/siyadl/Documents/GitHub/RDTI FILL Function/functions/src/index.ts changed, reloading triggers {"metadata":{"emulator":{"name":"functions"},"message":"File /Users/siyadl/Documents/GitHub/RDTI FILL Function/functions/src/index.ts changed, reloading triggers"}}
[debug] [2025-12-11T00:54:13.511Z] Validating nodejs source
[warn] ⚠  functions: package.json indicates an outdated version of firebase-functions. Please upgrade using npm install --save firebase-functions@latest in your functions directory. 
[warn] ⚠  functions: Please note that there will be breaking changes when you upgrade. 
[debug] [2025-12-11T00:54:14.048Z] > [functions] package.json contents: {
  "name": "rdti-fill-functions-emulator",
  "version": "0.1.0",
  "private": true,
  "main": "lib/index.js",
  "type": "module",
  "scripts": {
    "build": "tsc -p tsconfig.json",
    "serve": "firebase emulators:start --only functions --project demo-rdti"
  },
  "dependencies": {
    "firebase-functions": "^6.0.0"
  },
  "devDependencies": {
    "typescript": "^5.4.0",
    "ts-node": "^10.9.2",
    "@types/node": "^22.9.0"
  }
}
[debug] [2025-12-11T00:54:14.048Z] Building nodejs source
[debug] [2025-12-11T00:54:14.048Z] Failed to find version of module node: reached end of search path /Users/siyadl/Documents/GitHub/RDTI FILL Function/functions/node_modules
[info] ✔  functions: Using node@22 from host. 
[debug] [2025-12-11T00:54:14.050Z] Could not find functions.yaml. Must use http discovery
[debug] [2025-12-11T00:54:14.051Z] Found firebase-functions binary at '/Users/siyadl/Documents/GitHub/RDTI FILL Function/functions/node_modules/.bin/firebase-functions'
[info] Serving at port 8140

[debug] [2025-12-11T00:54:14.319Z] Got response from /__/functions.yaml {"endpoints":{"generateGaDocx":{"availableMemoryMb":null,"timeoutSeconds":null,"minInstances":null,"maxInstances":null,"ingressSettings":null,"concurrency":null,"serviceAccountEmail":null,"vpc":null,"platform":"gcfv2","labels":{},"httpsTrigger":{},"entryPoint":"generateGaDocx"}},"specVersion":"v1alpha1","requiredAPIs":[],"extensions":{}}
[info] ✔  functions: Loaded functions definitions from source: generateGaDocx. {"metadata":{"emulator":{"name":"functions"},"message":"Loaded functions definitions from source: generateGaDocx."}}
[debug] [2025-12-11T00:54:26.159Z] File /Users/siyadl/Documents/GitHub/RDTI FILL Function/functions/src/shims.d.ts changed, reloading triggers {"metadata":{"emulator":{"name":"functions"},"message":"File /Users/siyadl/Documents/GitHub/RDTI FILL Function/functions/src/shims.d.ts changed, reloading triggers"}}
[debug] [2025-12-11T00:54:27.161Z] Validating nodejs source
[warn] ⚠  functions: package.json indicates an outdated version of firebase-functions. Please upgrade using npm install --save firebase-functions@latest in your functions directory. 
[warn] ⚠  functions: Please note that there will be breaking changes when you upgrade. 
[debug] [2025-12-11T00:54:27.593Z] > [functions] package.json contents: {
  "name": "rdti-fill-functions-emulator",
  "version": "0.1.0",
  "private": true,
  "main": "lib/index.js",
  "type": "module",
  "scripts": {
    "build": "tsc -p tsconfig.json",
    "serve": "firebase emulators:start --only functions --project demo-rdti"
  },
  "dependencies": {
    "firebase-functions": "^6.0.0"
  },
  "devDependencies": {
    "typescript": "^5.4.0",
    "ts-node": "^10.9.2",
    "@types/node": "^22.9.0"
  }
}
[debug] [2025-12-11T00:54:27.593Z] Building nodejs source
[debug] [2025-12-11T00:54:27.594Z] Failed to find version of module node: reached end of search path /Users/siyadl/Documents/GitHub/RDTI FILL Function/functions/node_modules
[info] ✔  functions: Using node@22 from host. 
[debug] [2025-12-11T00:54:27.594Z] Could not find functions.yaml. Must use http discovery
[debug] [2025-12-11T00:54:27.595Z] Found firebase-functions binary at '/Users/siyadl/Documents/GitHub/RDTI FILL Function/functions/node_modules/.bin/firebase-functions'
[info] Serving at port 8724

[debug] [2025-12-11T00:54:27.801Z] Got response from /__/functions.yaml {"endpoints":{"generateGaDocx":{"availableMemoryMb":null,"timeoutSeconds":null,"minInstances":null,"maxInstances":null,"ingressSettings":null,"concurrency":null,"serviceAccountEmail":null,"vpc":null,"platform":"gcfv2","labels":{},"httpsTrigger":{},"entryPoint":"generateGaDocx"}},"specVersion":"v1alpha1","requiredAPIs":[],"extensions":{}}
[info] ✔  functions: Loaded functions definitions from source: generateGaDocx. {"metadata":{"emulator":{"name":"functions"},"message":"Loaded functions definitions from source: generateGaDocx."}}
[debug] [2025-12-11T00:54:59.634Z] File /Users/siyadl/Documents/GitHub/RDTI FILL Function/functions/lib/index.js changed, reloading triggers {"metadata":{"emulator":{"name":"functions"},"message":"File /Users/siyadl/Documents/GitHub/RDTI FILL Function/functions/lib/index.js changed, reloading triggers"}}
[debug] [2025-12-11T00:55:00.637Z] Validating nodejs source
[warn] ⚠  functions: package.json indicates an outdated version of firebase-functions. Please upgrade using npm install --save firebase-functions@latest in your functions directory. 
[warn] ⚠  functions: Please note that there will be breaking changes when you upgrade. 
[debug] [2025-12-11T00:55:01.153Z] > [functions] package.json contents: {
  "name": "rdti-fill-functions-emulator",
  "version": "0.1.0",
  "private": true,
  "main": "lib/index.js",
  "type": "module",
  "scripts": {
    "build": "tsc -p tsconfig.json",
    "serve": "firebase emulators:start --only functions --project demo-rdti"
  },
  "dependencies": {
    "firebase-functions": "^6.0.0"
  },
  "devDependencies": {
    "typescript": "^5.4.0",
    "ts-node": "^10.9.2",
    "@types/node": "^22.9.0"
  }
}
[debug] [2025-12-11T00:55:01.153Z] Building nodejs source
[debug] [2025-12-11T00:55:01.154Z] Failed to find version of module node: reached end of search path /Users/siyadl/Documents/GitHub/RDTI FILL Function/functions/node_modules
[info] ✔  functions: Using node@22 from host. 
[debug] [2025-12-11T00:55:01.154Z] Could not find functions.yaml. Must use http discovery
[debug] [2025-12-11T00:55:01.154Z] Found firebase-functions binary at '/Users/siyadl/Documents/GitHub/RDTI FILL Function/functions/node_modules/.bin/firebase-functions'
[info] Serving at port 8516

[debug] [2025-12-11T00:55:01.365Z] Got response from /__/functions.yaml {"endpoints":{"generateGaDocx":{"availableMemoryMb":256,"timeoutSeconds":60,"minInstances":null,"maxInstances":10,"ingressSettings":null,"concurrency":null,"serviceAccountEmail":null,"vpc":null,"platform":"gcfv2","labels":{},"httpsTrigger":{},"entryPoint":"generateGaDocx"}},"specVersion":"v1alpha1","requiredAPIs":[],"extensions":{}}
[info] ✔  functions: Loaded functions definitions from source: generateGaDocx. {"metadata":{"emulator":{"name":"functions"},"message":"Loaded functions definitions from source: generateGaDocx."}}
[debug] [2025-12-11T00:55:06.401Z] File /Users/siyadl/Documents/GitHub/RDTI FILL Function/functions/src/index.ts changed, reloading triggers {"metadata":{"emulator":{"name":"functions"},"message":"File /Users/siyadl/Documents/GitHub/RDTI FILL Function/functions/src/index.ts changed, reloading triggers"}}
[debug] [2025-12-11T00:55:07.403Z] Validating nodejs source
[warn] ⚠  functions: package.json indicates an outdated version of firebase-functions. Please upgrade using npm install --save firebase-functions@latest in your functions directory. 
[warn] ⚠  functions: Please note that there will be breaking changes when you upgrade. 
[debug] [2025-12-11T00:55:07.776Z] > [functions] package.json contents: {
  "name": "rdti-fill-functions-emulator",
  "version": "0.1.0",
  "private": true,
  "main": "lib/index.js",
  "type": "module",
  "scripts": {
    "build": "tsc -p tsconfig.json",
    "serve": "firebase emulators:start --only functions --project demo-rdti"
  },
  "dependencies": {
    "firebase-functions": "^6.0.0"
  },
  "devDependencies": {
    "typescript": "^5.4.0",
    "ts-node": "^10.9.2",
    "@types/node": "^22.9.0"
  }
}
[debug] [2025-12-11T00:55:07.776Z] Building nodejs source
[debug] [2025-12-11T00:55:07.776Z] Failed to find version of module node: reached end of search path /Users/siyadl/Documents/GitHub/RDTI FILL Function/functions/node_modules
[info] ✔  functions: Using node@22 from host. 
[debug] [2025-12-11T00:55:07.778Z] Could not find functions.yaml. Must use http discovery
[debug] [2025-12-11T00:55:07.778Z] Found firebase-functions binary at '/Users/siyadl/Documents/GitHub/RDTI FILL Function/functions/node_modules/.bin/firebase-functions'
[info] Serving at port 8662

[debug] [2025-12-11T00:55:07.920Z] Got response from /__/functions.yaml {"endpoints":{"generateGaDocx":{"availableMemoryMb":256,"timeoutSeconds":60,"minInstances":null,"maxInstances":10,"ingressSettings":null,"concurrency":null,"serviceAccountEmail":null,"vpc":null,"platform":"gcfv2","labels":{},"httpsTrigger":{},"entryPoint":"generateGaDocx"}},"specVersion":"v1alpha1","requiredAPIs":[],"extensions":{}}
[info] ✔  functions: Loaded functions definitions from source: generateGaDocx. {"metadata":{"emulator":{"name":"functions"},"message":"Loaded functions definitions from source: generateGaDocx."}}
[debug] [2025-12-11T00:55:15.849Z] File /Users/siyadl/Documents/GitHub/RDTI FILL Function/functions/lib/index.js changed, reloading triggers {"metadata":{"emulator":{"name":"functions"},"message":"File /Users/siyadl/Documents/GitHub/RDTI FILL Function/functions/lib/index.js changed, reloading triggers"}}
[debug] [2025-12-11T00:55:16.852Z] Validating nodejs source
[warn] ⚠  functions: package.json indicates an outdated version of firebase-functions. Please upgrade using npm install --save firebase-functions@latest in your functions directory. 
[warn] ⚠  functions: Please note that there will be breaking changes when you upgrade. 
[debug] [2025-12-11T00:55:17.242Z] > [functions] package.json contents: {
  "name": "rdti-fill-functions-emulator",
  "version": "0.1.0",
  "private": true,
  "main": "lib/index.js",
  "type": "module",
  "scripts": {
    "build": "tsc -p tsconfig.json",
    "serve": "firebase emulators:start --only functions --project demo-rdti"
  },
  "dependencies": {
    "firebase-functions": "^6.0.0"
  },
  "devDependencies": {
    "typescript": "^5.4.0",
    "ts-node": "^10.9.2",
    "@types/node": "^22.9.0"
  }
}
[debug] [2025-12-11T00:55:17.242Z] Building nodejs source
[debug] [2025-12-11T00:55:17.242Z] Failed to find version of module node: reached end of search path /Users/siyadl/Documents/GitHub/RDTI FILL Function/functions/node_modules
[info] ✔  functions: Using node@22 from host. 
[debug] [2025-12-11T00:55:17.242Z] Could not find functions.yaml. Must use http discovery
[debug] [2025-12-11T00:55:17.243Z] Found firebase-functions binary at '/Users/siyadl/Documents/GitHub/RDTI FILL Function/functions/node_modules/.bin/firebase-functions'
[info] Serving at port 8370

[debug] [2025-12-11T00:55:17.386Z] Got response from /__/functions.yaml {"endpoints":{"generateGaDocx":{"availableMemoryMb":256,"timeoutSeconds":60,"minInstances":null,"maxInstances":10,"ingressSettings":null,"concurrency":null,"serviceAccountEmail":null,"vpc":null,"platform":"gcfv2","labels":{},"httpsTrigger":{},"entryPoint":"generateGaDocx"}},"specVersion":"v1alpha1","requiredAPIs":[],"extensions":{}}
[info] ✔  functions: Loaded functions definitions from source: generateGaDocx. {"metadata":{"emulator":{"name":"functions"},"message":"Loaded functions definitions from source: generateGaDocx."}}
[debug] [2025-12-11T00:56:27.195Z] File /Users/siyadl/Documents/GitHub/RDTI FILL Function/functions/src/index.ts changed, reloading triggers {"metadata":{"emulator":{"name":"functions"},"message":"File /Users/siyadl/Documents/GitHub/RDTI FILL Function/functions/src/index.ts changed, reloading triggers"}}
[debug] [2025-12-11T00:56:27.195Z] File /Users/siyadl/Documents/GitHub/RDTI FILL Function/functions/src/shims.d.ts changed, reloading triggers {"metadata":{"emulator":{"name":"functions"},"message":"File /Users/siyadl/Documents/GitHub/RDTI FILL Function/functions/src/shims.d.ts changed, reloading triggers"}}
[debug] [2025-12-11T00:56:28.197Z] Validating nodejs source
[warn] ⚠  functions: package.json indicates an outdated version of firebase-functions. Please upgrade using npm install --save firebase-functions@latest in your functions directory. 
[warn] ⚠  functions: Please note that there will be breaking changes when you upgrade. 
[debug] [2025-12-11T00:56:28.522Z] > [functions] package.json contents: {
  "name": "rdti-fill-functions-emulator",
  "version": "0.1.0",
  "private": true,
  "main": "lib/index.js",
  "type": "module",
  "scripts": {
    "build": "tsc -p tsconfig.json",
    "serve": "firebase emulators:start --only functions --project demo-rdti"
  },
  "dependencies": {
    "firebase-functions": "^6.0.0"
  },
  "devDependencies": {
    "typescript": "^5.4.0",
    "ts-node": "^10.9.2",
    "@types/node": "^22.9.0"
  }
}
[debug] [2025-12-11T00:56:28.522Z] Building nodejs source
[debug] [2025-12-11T00:56:28.522Z] Failed to find version of module node: reached end of search path /Users/siyadl/Documents/GitHub/RDTI FILL Function/functions/node_modules
[info] ✔  functions: Using node@22 from host. 
[debug] [2025-12-11T00:56:28.523Z] Could not find functions.yaml. Must use http discovery
[debug] [2025-12-11T00:56:28.523Z] Found firebase-functions binary at '/Users/siyadl/Documents/GitHub/RDTI FILL Function/functions/node_modules/.bin/firebase-functions'
[info] Serving at port 8550

[debug] [2025-12-11T00:56:28.721Z] Got response from /__/functions.yaml {"endpoints":{"generateGaDocx":{"availableMemoryMb":256,"timeoutSeconds":60,"minInstances":null,"maxInstances":10,"ingressSettings":null,"concurrency":null,"serviceAccountEmail":null,"vpc":null,"platform":"gcfv2","labels":{},"httpsTrigger":{},"entryPoint":"generateGaDocx"}},"specVersion":"v1alpha1","requiredAPIs":[],"extensions":{}}
[info] ✔  functions: Loaded functions definitions from source: generateGaDocx. {"metadata":{"emulator":{"name":"functions"},"message":"Loaded functions definitions from source: generateGaDocx."}}
[debug] [2025-12-11T00:56:40.537Z] File /Users/siyadl/Documents/GitHub/RDTI FILL Function/functions/src/index.ts changed, reloading triggers {"metadata":{"emulator":{"name":"functions"},"message":"File /Users/siyadl/Documents/GitHub/RDTI FILL Function/functions/src/index.ts changed, reloading triggers"}}
[debug] [2025-12-11T00:56:40.537Z] File /Users/siyadl/Documents/GitHub/RDTI FILL Function/functions/src/shims.d.ts changed, reloading triggers {"metadata":{"emulator":{"name":"functions"},"message":"File /Users/siyadl/Documents/GitHub/RDTI FILL Function/functions/src/shims.d.ts changed, reloading triggers"}}
[debug] [2025-12-11T00:56:41.539Z] Validating nodejs source
[warn] ⚠  functions: package.json indicates an outdated version of firebase-functions. Please upgrade using npm install --save firebase-functions@latest in your functions directory. 
[warn] ⚠  functions: Please note that there will be breaking changes when you upgrade. 
[debug] [2025-12-11T00:56:42.105Z] > [functions] package.json contents: {
  "name": "rdti-fill-functions-emulator",
  "version": "0.1.0",
  "private": true,
  "main": "lib/index.js",
  "type": "module",
  "scripts": {
    "build": "tsc -p tsconfig.json",
    "serve": "firebase emulators:start --only functions --project demo-rdti"
  },
  "dependencies": {
    "firebase-functions": "^6.0.0"
  },
  "devDependencies": {
    "typescript": "^5.4.0",
    "ts-node": "^10.9.2",
    "@types/node": "^22.9.0"
  }
}
[debug] [2025-12-11T00:56:42.105Z] Building nodejs source
[debug] [2025-12-11T00:56:42.105Z] Failed to find version of module node: reached end of search path /Users/siyadl/Documents/GitHub/RDTI FILL Function/functions/node_modules
[info] ✔  functions: Using node@22 from host. 
[debug] [2025-12-11T00:56:42.105Z] Could not find functions.yaml. Must use http discovery
[debug] [2025-12-11T00:56:42.106Z] Found firebase-functions binary at '/Users/siyadl/Documents/GitHub/RDTI FILL Function/functions/node_modules/.bin/firebase-functions'
[info] Serving at port 8476

[debug] [2025-12-11T00:56:42.366Z] Got response from /__/functions.yaml {"endpoints":{"generateGaDocx":{"availableMemoryMb":256,"timeoutSeconds":60,"minInstances":null,"maxInstances":10,"ingressSettings":null,"concurrency":null,"serviceAccountEmail":null,"vpc":null,"platform":"gcfv2","labels":{},"httpsTrigger":{},"entryPoint":"generateGaDocx"}},"specVersion":"v1alpha1","requiredAPIs":[],"extensions":{}}
[info] ✔  functions: Loaded functions definitions from source: generateGaDocx. {"metadata":{"emulator":{"name":"functions"},"message":"Loaded functions definitions from source: generateGaDocx."}}
[debug] [2025-12-11T00:56:52.107Z] File /Users/siyadl/Documents/GitHub/RDTI FILL Function/functions/src/shims.d.ts changed, reloading triggers {"metadata":{"emulator":{"name":"functions"},"message":"File /Users/siyadl/Documents/GitHub/RDTI FILL Function/functions/src/shims.d.ts changed, reloading triggers"}}
[debug] [2025-12-11T00:56:52.107Z] File /Users/siyadl/Documents/GitHub/RDTI FILL Function/functions/src/index.ts changed, reloading triggers {"metadata":{"emulator":{"name":"functions"},"message":"File /Users/siyadl/Documents/GitHub/RDTI FILL Function/functions/src/index.ts changed, reloading triggers"}}
[debug] [2025-12-11T00:56:52.208Z] File /Users/siyadl/Documents/GitHub/RDTI FILL Function/functions/src/index.ts changed, reloading triggers {"metadata":{"emulator":{"name":"functions"},"message":"File /Users/siyadl/Documents/GitHub/RDTI FILL Function/functions/src/index.ts changed, reloading triggers"}}
[debug] [2025-12-11T00:56:53.209Z] Validating nodejs source
[warn] ⚠  functions: package.json indicates an outdated version of firebase-functions. Please upgrade using npm install --save firebase-functions@latest in your functions directory. 
[warn] ⚠  functions: Please note that there will be breaking changes when you upgrade. 
[debug] [2025-12-11T00:56:54.199Z] > [functions] package.json contents: {
  "name": "rdti-fill-functions-emulator",
  "version": "0.1.0",
  "private": true,
  "main": "lib/index.js",
  "type": "module",
  "scripts": {
    "build": "tsc -p tsconfig.json",
    "serve": "firebase emulators:start --only functions --project demo-rdti"
  },
  "dependencies": {
    "firebase-functions": "^6.0.0"
  },
  "devDependencies": {
    "typescript": "^5.4.0",
    "ts-node": "^10.9.2",
    "@types/node": "^22.9.0"
  }
}
[debug] [2025-12-11T00:56:54.199Z] Building nodejs source
[debug] [2025-12-11T00:56:54.199Z] Failed to find version of module node: reached end of search path /Users/siyadl/Documents/GitHub/RDTI FILL Function/functions/node_modules
[info] ✔  functions: Using node@22 from host. 
[debug] [2025-12-11T00:56:54.199Z] Could not find functions.yaml. Must use http discovery
[debug] [2025-12-11T00:56:54.200Z] Found firebase-functions binary at '/Users/siyadl/Documents/GitHub/RDTI FILL Function/functions/node_modules/.bin/firebase-functions'
[info] Serving at port 8232

[debug] [2025-12-11T00:56:54.402Z] Got response from /__/functions.yaml {"endpoints":{"generateGaDocx":{"availableMemoryMb":256,"timeoutSeconds":60,"minInstances":null,"maxInstances":10,"ingressSettings":null,"concurrency":null,"serviceAccountEmail":null,"vpc":null,"platform":"gcfv2","labels":{},"httpsTrigger":{},"entryPoint":"generateGaDocx"}},"specVersion":"v1alpha1","requiredAPIs":[],"extensions":{}}
[info] ✔  functions: Loaded functions definitions from source: generateGaDocx. {"metadata":{"emulator":{"name":"functions"},"message":"Loaded functions definitions from source: generateGaDocx."}}
[debug] [2025-12-11T01:04:55.207Z] File /Users/siyadl/Documents/GitHub/RDTI FILL Function/functions/src/index.ts changed, reloading triggers {"metadata":{"emulator":{"name":"functions"},"message":"File /Users/siyadl/Documents/GitHub/RDTI FILL Function/functions/src/index.ts changed, reloading triggers"}}
[debug] [2025-12-11T01:04:56.210Z] Validating nodejs source
[warn] ⚠  functions: package.json indicates an outdated version of firebase-functions. Please upgrade using npm install --save firebase-functions@latest in your functions directory. 
[warn] ⚠  functions: Please note that there will be breaking changes when you upgrade. 
[debug] [2025-12-11T01:04:56.746Z] > [functions] package.json contents: {
  "name": "rdti-fill-functions-emulator",
  "version": "0.1.0",
  "private": true,
  "main": "lib/index.js",
  "type": "module",
  "scripts": {
    "build": "tsc -p tsconfig.json",
    "serve": "firebase emulators:start --only functions --project demo-rdti"
  },
  "dependencies": {
    "firebase-functions": "^6.0.0"
  },
  "devDependencies": {
    "typescript": "^5.4.0",
    "ts-node": "^10.9.2",
    "@types/node": "^22.9.0"
  }
}
[debug] [2025-12-11T01:04:56.746Z] Building nodejs source
[debug] [2025-12-11T01:04:56.746Z] Failed to find version of module node: reached end of search path /Users/siyadl/Documents/GitHub/RDTI FILL Function/functions/node_modules
[info] ✔  functions: Using node@22 from host. 
[debug] [2025-12-11T01:04:56.746Z] Could not find functions.yaml. Must use http discovery
[debug] [2025-12-11T01:04:56.747Z] Found firebase-functions binary at '/Users/siyadl/Documents/GitHub/RDTI FILL Function/functions/node_modules/.bin/firebase-functions'
[info] Serving at port 8152

[debug] [2025-12-11T01:04:57.061Z] Got response from /__/functions.yaml {"endpoints":{"generateGaDocx":{"availableMemoryMb":256,"timeoutSeconds":60,"minInstances":null,"maxInstances":10,"ingressSettings":null,"concurrency":null,"serviceAccountEmail":null,"vpc":null,"platform":"gcfv2","labels":{},"httpsTrigger":{},"entryPoint":"generateGaDocx"}},"specVersion":"v1alpha1","requiredAPIs":[],"extensions":{}}
[info] ✔  functions: Loaded functions definitions from source: generateGaDocx. {"metadata":{"emulator":{"name":"functions"},"message":"Loaded functions definitions from source: generateGaDocx."}}
[debug] [2025-12-11T01:05:30.565Z] File /Users/siyadl/Documents/GitHub/RDTI FILL Function/functions/lib/index.js changed, reloading triggers {"metadata":{"emulator":{"name":"functions"},"message":"File /Users/siyadl/Documents/GitHub/RDTI FILL Function/functions/lib/index.js changed, reloading triggers"}}
[debug] [2025-12-11T01:05:31.567Z] Validating nodejs source
[warn] ⚠  functions: package.json indicates an outdated version of firebase-functions. Please upgrade using npm install --save firebase-functions@latest in your functions directory. 
[warn] ⚠  functions: Please note that there will be breaking changes when you upgrade. 
[debug] [2025-12-11T01:05:32.050Z] > [functions] package.json contents: {
  "name": "rdti-fill-functions-emulator",
  "version": "0.1.0",
  "private": true,
  "main": "lib/index.js",
  "type": "module",
  "scripts": {
    "build": "tsc -p tsconfig.json",
    "serve": "firebase emulators:start --only functions --project demo-rdti"
  },
  "dependencies": {
    "firebase-functions": "^6.0.0"
  },
  "devDependencies": {
    "typescript": "^5.4.0",
    "ts-node": "^10.9.2",
    "@types/node": "^22.9.0"
  }
}
[debug] [2025-12-11T01:05:32.050Z] Building nodejs source
[debug] [2025-12-11T01:05:32.050Z] Failed to find version of module node: reached end of search path /Users/siyadl/Documents/GitHub/RDTI FILL Function/functions/node_modules
[info] ✔  functions: Using node@22 from host. 
[debug] [2025-12-11T01:05:32.050Z] Could not find functions.yaml. Must use http discovery
[debug] [2025-12-11T01:05:32.051Z] Found firebase-functions binary at '/Users/siyadl/Documents/GitHub/RDTI FILL Function/functions/node_modules/.bin/firebase-functions'
[info] Serving at port 8639

[debug] [2025-12-11T01:05:32.373Z] Got response from /__/functions.yaml {"endpoints":{"generateGaDocx":{"availableMemoryMb":256,"timeoutSeconds":60,"minInstances":null,"maxInstances":10,"ingressSettings":null,"concurrency":null,"serviceAccountEmail":null,"vpc":null,"platform":"gcfv2","labels":{},"httpsTrigger":{},"entryPoint":"generateGaDocx"}},"specVersion":"v1alpha1","requiredAPIs":[],"extensions":{}}
[info] ✔  functions: Loaded functions definitions from source: generateGaDocx. {"metadata":{"emulator":{"name":"functions"},"message":"Loaded functions definitions from source: generateGaDocx."}}
[debug] [2025-12-11T01:06:51.819Z] File /Users/siyadl/Documents/GitHub/RDTI FILL Function/functions/src/index.ts changed, reloading triggers {"metadata":{"emulator":{"name":"functions"},"message":"File /Users/siyadl/Documents/GitHub/RDTI FILL Function/functions/src/index.ts changed, reloading triggers"}}
[debug] [2025-12-11T01:06:52.820Z] Validating nodejs source
[warn] ⚠  functions: package.json indicates an outdated version of firebase-functions. Please upgrade using npm install --save firebase-functions@latest in your functions directory. 
[warn] ⚠  functions: Please note that there will be breaking changes when you upgrade. 
[debug] [2025-12-11T01:06:53.458Z] > [functions] package.json contents: {
  "name": "rdti-fill-functions-emulator",
  "version": "0.1.0",
  "private": true,
  "main": "lib/index.js",
  "type": "module",
  "scripts": {
    "build": "tsc -p tsconfig.json",
    "serve": "firebase emulators:start --only functions --project demo-rdti"
  },
  "dependencies": {
    "firebase-functions": "^6.0.0"
  },
  "devDependencies": {
    "typescript": "^5.4.0",
    "ts-node": "^10.9.2",
    "@types/node": "^22.9.0"
  }
}
[debug] [2025-12-11T01:06:53.458Z] Building nodejs source
[debug] [2025-12-11T01:06:53.458Z] Failed to find version of module node: reached end of search path /Users/siyadl/Documents/GitHub/RDTI FILL Function/functions/node_modules
[info] ✔  functions: Using node@22 from host. 
[debug] [2025-12-11T01:06:53.459Z] Could not find functions.yaml. Must use http discovery
[debug] [2025-12-11T01:06:53.460Z] Found firebase-functions binary at '/Users/siyadl/Documents/GitHub/RDTI FILL Function/functions/node_modules/.bin/firebase-functions'
[info] Serving at port 8502

[debug] [2025-12-11T01:06:53.702Z] Got response from /__/functions.yaml {"endpoints":{"generateGaDocx":{"availableMemoryMb":256,"timeoutSeconds":60,"minInstances":null,"maxInstances":10,"ingressSettings":null,"concurrency":null,"serviceAccountEmail":null,"vpc":null,"platform":"gcfv2","labels":{},"httpsTrigger":{},"entryPoint":"generateGaDocx"}},"specVersion":"v1alpha1","requiredAPIs":[],"extensions":{}}
[info] ✔  functions: Loaded functions definitions from source: generateGaDocx. {"metadata":{"emulator":{"name":"functions"},"message":"Loaded functions definitions from source: generateGaDocx."}}
